dataprep/__init__.py:13:1: F403 'from .loader import *' used; unable to detect undefined names
dataprep/__init__.py:13:1: F401 '.loader.*' imported but unused
dataprep/__init__.py:14:1: F403 'from .transformer import *' used; unable to detect undefined names
dataprep/__init__.py:14:1: F401 '.transformer.*' imported but unused
dataprep/loader/__init__.py:5:1: F403 'from .base import *' used; unable to detect undefined names
dataprep/loader/__init__.py:5:1: F401 '.base.*' imported but unused
dataprep/loader/__init__.py:6:1: F403 'from .csv import *' used; unable to detect undefined names
dataprep/loader/__init__.py:6:1: F401 '.csv.*' imported but unused
dataprep/loader/__init__.py:7:1: F403 'from .hdf import *' used; unable to detect undefined names
dataprep/loader/__init__.py:7:1: F401 '.hdf.*' imported but unused
dataprep/loader/csv.py:2:1: F403 'from .base import *' used; unable to detect undefined names
dataprep/loader/csv.py:8:17: F405 Loader may be undefined, or defined from star imports: .base
dataprep/loader/csv.py:23:9: F405 Loader may be undefined, or defined from star imports: .base
dataprep/loader/base.py:31:5: E129 visually indented line with same indent as next logical line
dataprep/transformer/impute.py:4:1: F401 'pandas as PD' imported but unused
dataprep/transformer/impute.py:25:9: E126 continuation line over-indented for hanging indent
dataprep/transformer/impute.py:25:20: E203 whitespace before ':'
dataprep/transformer/impute.py:26:20: E203 whitespace before ':'
dataprep/transformer/impute.py:27:20: E203 whitespace before ':'
dataprep/transformer/impute.py:28:20: E203 whitespace before ':'
dataprep/transformer/impute.py:29:9: E123 closing bracket does not match indentation of opening bracket's line
dataprep/transformer/impute.py:109:17: E126 continuation line over-indented for hanging indent
dataprep/transformer/impute.py:113:17: E123 closing bracket does not match indentation of opening bracket's line
dataprep/transformer/normalizer.py:2:1: F401 '.base.Transformer' imported but unused
dataprep/transformer/normalizer.py:4:1: F401 'pandas as PD' imported but unused
dataprep/transformer/normalizer.py:112:17: E126 continuation line over-indented for hanging indent
dataprep/transformer/normalizer.py:116:17: E123 closing bracket does not match indentation of opening bracket's line
dataprep/transformer/normalizer.py:129:17: E126 continuation line over-indented for hanging indent
dataprep/transformer/normalizer.py:133:17: E123 closing bracket does not match indentation of opening bracket's line
dataprep/transformer/__init__.py:5:1: F403 'from .base import *' used; unable to detect undefined names
dataprep/transformer/__init__.py:5:1: F401 '.base.*' imported but unused
dataprep/transformer/__init__.py:6:1: F403 'from .tabular import *' used; unable to detect undefined names
dataprep/transformer/__init__.py:6:1: F401 '.tabular.*' imported but unused
dataprep/transformer/__init__.py:7:1: F403 'from .nan import *' used; unable to detect undefined names
dataprep/transformer/__init__.py:7:1: F401 '.nan.*' imported but unused
dataprep/transformer/__init__.py:8:1: F403 'from .impute import *' used; unable to detect undefined names
dataprep/transformer/__init__.py:8:1: F401 '.impute.*' imported but unused
dataprep/transformer/__init__.py:9:1: F403 'from .dummy import *' used; unable to detect undefined names
dataprep/transformer/__init__.py:9:1: F401 '.dummy.*' imported but unused
dataprep/transformer/__init__.py:10:1: F403 'from .pipeline import *' used; unable to detect undefined names
dataprep/transformer/__init__.py:10:1: F401 '.pipeline.*' imported but unused
dataprep/transformer/__init__.py:11:1: F403 'from .normalizer import *' used; unable to detect undefined names
dataprep/transformer/__init__.py:11:1: F401 '.normalizer.*' imported but unused
dataprep/transformer/nan.py:20:13: E126 continuation line over-indented for hanging indent
dataprep/transformer/nan.py:22:13: E123 closing bracket does not match indentation of opening bracket's line
dataprep/transformer/nan.py:147:17: E126 continuation line over-indented for hanging indent
dataprep/transformer/nan.py:151:17: E123 closing bracket does not match indentation of opening bracket's line
dataprep/transformer/_util.py:46:21: E126 continuation line over-indented for hanging indent
dataprep/transformer/_util.py:47:21: E123 closing bracket does not match indentation of opening bracket's line
dataprep/transformer/base.py:2:1: F401 'abc.abstractclassmethod' imported but unused
dataprep/transformer/base.py:34:49: E226 missing whitespace around arithmetic operator
dataprep/transformer/base.py:131:28: F821 undefined name 'self'
dataprep/transformer/tabular.py:15:9: E126 continuation line over-indented for hanging indent
dataprep/transformer/tabular.py:17:9: E123 closing bracket does not match indentation of opening bracket's line
dataprep/transformer/tabular.py:66:25: E126 continuation line over-indented for hanging indent
dataprep/transformer/tabular.py:67:25: E123 closing bracket does not match indentation of opening bracket's line
dataprep/transformer/tabular.py:119:17: E126 continuation line over-indented for hanging indent
dataprep/transformer/tabular.py:122:17: E123 closing bracket does not match indentation of opening bracket's line
dataprep/transformer/dummy.py:4:1: F401 'numpy as NP' imported but unused
dataprep/transformer/dummy.py:64:17: E126 continuation line over-indented for hanging indent
dataprep/transformer/dummy.py:68:17: E123 closing bracket does not match indentation of opening bracket's line
dataprep/transformer/_test/__init__.py:4:20: W291 trailing whitespace
example_mnist.py:2:1: F403 'from dataprep.loader import *' used; unable to detect undefined names
example_mnist.py:3:1: F403 'from dataprep.transformer import *' used; unable to detect undefined names
example_mnist.py:5:20: F405 HDFArrayFlattenLoader may be undefined, or defined from star imports: dataprep.loader, dataprep.transformer
example_mnist.py:7:21: F405 HDFArrayFlattenLoader may be undefined, or defined from star imports: dataprep.loader, dataprep.transformer
example_mnist.py:10:8: F405 GlobalLinearNormalizer may be undefined, or defined from star imports: dataprep.loader, dataprep.transformer
example_mnist.py:11:1: F405 NP may be undefined, or defined from star imports: dataprep.loader, dataprep.transformer
example_mnist.py:12:1: F405 NP may be undefined, or defined from star imports: dataprep.loader, dataprep.transformer
example_mnist.py:12:24: F405 NP may be undefined, or defined from star imports: dataprep.loader, dataprep.transformer
example.py:2:1: F403 'from dataprep.loader import *' used; unable to detect undefined names
example.py:3:1: F403 'from dataprep.transformer import *' used; unable to detect undefined names
example.py:5:13: F405 CSVLoader may be undefined, or defined from star imports: dataprep.loader, dataprep.transformer
example.py:10:7: F405 TabularSchemaTransformer may be undefined, or defined from star imports: dataprep.loader, dataprep.transformer
example.py:11:9: E126 continuation line over-indented for hanging indent
example.py:25:9: E123 closing bracket does not match indentation of opening bracket's line
example.py:26:7: F405 TabularSchemaTransformer may be undefined, or defined from star imports: dataprep.loader, dataprep.transformer
example.py:29:8: F405 ColumnNormalizer may be undefined, or defined from star imports: dataprep.loader, dataprep.transformer
example.py:33:6: F405 NullValueTransformer may be undefined, or defined from star imports: dataprep.loader, dataprep.transformer
example.py:35:6: F405 NullIndicatorTransformer may be undefined, or defined from star imports: dataprep.loader, dataprep.transformer
example.py:37:6: F405 NumericImputationTransformer may be undefined, or defined from star imports: dataprep.loader, dataprep.transformer
example.py:39:7: F405 OneHotEncoderTransformer may be undefined, or defined from star imports: dataprep.loader, dataprep.transformer
example.py:42:13: F405 PipelineTransformer may be undefined, or defined from star imports: dataprep.loader, dataprep.transformer
example.py:44:13: F405 PipelineTransformer may be undefined, or defined from star imports: dataprep.loader, dataprep.transformer
example.py:51:1: F405 NP may be undefined, or defined from star imports: dataprep.loader, dataprep.transformer
example.py:52:1: F405 NP may be undefined, or defined from star imports: dataprep.loader, dataprep.transformer
Model/FeedForwardNetApps/AutoEncoder.py:27:9: E265 block comment should start with '# '
Model/FeedForwardNetApps/AutoEncoder.py:30:38: E251 unexpected spaces around keyword / parameter equals
Model/FeedForwardNetApps/AutoEncoder.py:30:40: E251 unexpected spaces around keyword / parameter equals
Model/FeedForwardNetApps/AutoEncoder.py:33:32: E127 continuation line over-indented for visual indent
Model/FeedForwardNetApps/AutoEncoder.py:35:41: E251 unexpected spaces around keyword / parameter equals
Model/FeedForwardNetApps/AutoEncoder.py:35:43: E251 unexpected spaces around keyword / parameter equals
Model/FeedForwardNetApps/AutoEncoder.py:37:27: E251 unexpected spaces around keyword / parameter equals
Model/FeedForwardNetApps/AutoEncoder.py:37:29: E251 unexpected spaces around keyword / parameter equals
Model/FeedForwardNetApps/AutoEncoder.py:84:20: W292 no newline at end of file
Model/FeedForwardNetApps/__init__.py:16:1: F403 'from .AutoEncoder import *' used; unable to detect undefined names
Model/FeedForwardNetApps/__init__.py:16:1: F401 '.AutoEncoder.*' imported but unused
Model/FeedForwardNetApps/__init__.py:17:1: F403 'from .FeedForwardNetworkUI import *' used; unable to detect undefined names
Model/FeedForwardNetApps/__init__.py:17:1: F401 '.FeedForwardNetworkUI.*' imported but unused
Model/FeedForwardNetApps/__init__.py:17:36: W292 no newline at end of file
Model/FeedForwardNetApps/tests/test_learnability.py:1:1: F401 'copy' imported but unused
Model/FeedForwardNetApps/tests/test_learnability.py:3:1: F403 'from Model.FeedForwardNetApps import *' used; unable to detect undefined names
Model/FeedForwardNetApps/tests/test_learnability.py:4:1: F403 'from Model.FeedForwardNetwork import *' used; unable to detect undefined names
Model/FeedForwardNetApps/tests/test_learnability.py:5:1: F403 'from Model.FeedForwardNetwork.NetworkLayers import *' used; unable to detect undefined names
Model/FeedForwardNetApps/tests/test_learnability.py:9:10: F405 FeedForwardNetworkUI may be undefined, or defined from star imports: Model.FeedForwardNetApps, Model.FeedForwardNetwork, Model.FeedForwardNetwork.NetworkLayers
Model/FeedForwardNetApps/tests/test_learnability.py:11:9: F405 np may be undefined, or defined from star imports: Model.FeedForwardNetApps, Model.FeedForwardNetwork, Model.FeedForwardNetwork.NetworkLayers
Model/FeedForwardNetApps/tests/test_learnability.py:15:9: F405 np may be undefined, or defined from star imports: Model.FeedForwardNetApps, Model.FeedForwardNetwork, Model.FeedForwardNetwork.NetworkLayers
Model/FeedForwardNetApps/tests/test_learnability.py:15:19: F405 np may be undefined, or defined from star imports: Model.FeedForwardNetApps, Model.FeedForwardNetwork, Model.FeedForwardNetwork.NetworkLayers
Model/FeedForwardNetApps/tests/test_learnability.py:22:12: F405 np may be undefined, or defined from star imports: Model.FeedForwardNetApps, Model.FeedForwardNetwork, Model.FeedForwardNetwork.NetworkLayers
Model/FeedForwardNetApps/tests/test_learnability.py:22:20: F405 np may be undefined, or defined from star imports: Model.FeedForwardNetApps, Model.FeedForwardNetwork, Model.FeedForwardNetwork.NetworkLayers
Model/FeedForwardNetApps/tests/test_learnability.py:26:10: F405 FeedForwardNetworkUI may be undefined, or defined from star imports: Model.FeedForwardNetApps, Model.FeedForwardNetwork, Model.FeedForwardNetwork.NetworkLayers
Model/FeedForwardNetApps/tests/test_learnability.py:28:41: F405 utils may be undefined, or defined from star imports: Model.FeedForwardNetApps, Model.FeedForwardNetwork, Model.FeedForwardNetwork.NetworkLayers
Model/FeedForwardNetApps/tests/test_learnability.py:29:9: F405 np may be undefined, or defined from star imports: Model.FeedForwardNetApps, Model.FeedForwardNetwork, Model.FeedForwardNetwork.NetworkLayers
Model/FeedForwardNetApps/tests/test_learnability.py:33:9: F405 np may be undefined, or defined from star imports: Model.FeedForwardNetApps, Model.FeedForwardNetwork, Model.FeedForwardNetwork.NetworkLayers
Model/FeedForwardNetApps/tests/test_learnability.py:33:19: F405 np may be undefined, or defined from star imports: Model.FeedForwardNetApps, Model.FeedForwardNetwork, Model.FeedForwardNetwork.NetworkLayers
Model/FeedForwardNetApps/tests/test_learnability.py:42:12: F405 np may be undefined, or defined from star imports: Model.FeedForwardNetApps, Model.FeedForwardNetwork, Model.FeedForwardNetwork.NetworkLayers
Model/FeedForwardNetApps/tests/test_learnability.py:42:20: F405 np may be undefined, or defined from star imports: Model.FeedForwardNetApps, Model.FeedForwardNetwork, Model.FeedForwardNetwork.NetworkLayers
Model/FeedForwardNetApps/tests/test_learnability.py:46:10: F405 FeedForwardNetworkUI may be undefined, or defined from star imports: Model.FeedForwardNetApps, Model.FeedForwardNetwork, Model.FeedForwardNetwork.NetworkLayers
Model/FeedForwardNetApps/tests/test_learnability.py:48:9: F405 np may be undefined, or defined from star imports: Model.FeedForwardNetApps, Model.FeedForwardNetwork, Model.FeedForwardNetwork.NetworkLayers
Model/FeedForwardNetApps/tests/test_learnability.py:48:28: F405 np may be undefined, or defined from star imports: Model.FeedForwardNetApps, Model.FeedForwardNetwork, Model.FeedForwardNetwork.NetworkLayers
Model/FeedForwardNetApps/tests/test_learnability.py:49:9: F405 np may be undefined, or defined from star imports: Model.FeedForwardNetApps, Model.FeedForwardNetwork, Model.FeedForwardNetwork.NetworkLayers
Model/FeedForwardNetApps/tests/test_learnability.py:49:19: F405 np may be undefined, or defined from star imports: Model.FeedForwardNetApps, Model.FeedForwardNetwork, Model.FeedForwardNetwork.NetworkLayers
Model/FeedForwardNetApps/tests/test_learnability.py:50:8: F405 np may be undefined, or defined from star imports: Model.FeedForwardNetApps, Model.FeedForwardNetwork, Model.FeedForwardNetwork.NetworkLayers
Model/FeedForwardNetApps/tests/test_learnability.py:51:13: F405 np may be undefined, or defined from star imports: Model.FeedForwardNetApps, Model.FeedForwardNetwork, Model.FeedForwardNetwork.NetworkLayers
Model/FeedForwardNetApps/tests/test_learnability.py:52:13: F405 np may be undefined, or defined from star imports: Model.FeedForwardNetApps, Model.FeedForwardNetwork, Model.FeedForwardNetwork.NetworkLayers
Model/FeedForwardNetApps/tests/test_learnability.py:59:12: F405 np may be undefined, or defined from star imports: Model.FeedForwardNetApps, Model.FeedForwardNetwork, Model.FeedForwardNetwork.NetworkLayers
Model/FeedForwardNetApps/tests/test_learnability.py:59:20: F405 np may be undefined, or defined from star imports: Model.FeedForwardNetApps, Model.FeedForwardNetwork, Model.FeedForwardNetwork.NetworkLayers
Model/FeedForwardNetApps/tests/test_learnability.py:67:5: E303 too many blank lines (2)
Model/FeedForwardNetApps/tests/test_learnability.py:72:9: F405 np may be undefined, or defined from star imports: Model.FeedForwardNetApps, Model.FeedForwardNetwork, Model.FeedForwardNetwork.NetworkLayers
Model/FeedForwardNetApps/tests/test_learnability.py:83:9: F405 np may be undefined, or defined from star imports: Model.FeedForwardNetApps, Model.FeedForwardNetwork, Model.FeedForwardNetwork.NetworkLayers
Model/FeedForwardNetApps/tests/test_learnability.py:92:9: F405 np may be undefined, or defined from star imports: Model.FeedForwardNetApps, Model.FeedForwardNetwork, Model.FeedForwardNetwork.NetworkLayers
Model/FeedForwardNetApps/tests/test_learnability.py:96:1: W391 blank line at end of file
Model/FeedForwardNetApps/tests/test_UI.py:3:1: F403 'from Model.FeedForwardNetApps import *' used; unable to detect undefined names
Model/FeedForwardNetApps/tests/test_UI.py:4:1: F403 'from Model.FeedForwardNetwork import *' used; unable to detect undefined names
Model/FeedForwardNetApps/tests/test_UI.py:14:13: F405 np may be undefined, or defined from star imports: Model.FeedForwardNetApps, Model.FeedForwardNetwork
Model/FeedForwardNetApps/tests/test_UI.py:16:20: F405 AutoEncoder may be undefined, or defined from star imports: Model.FeedForwardNetApps, Model.FeedForwardNetwork
Model/FeedForwardNetApps/tests/test_UI.py:18:45: E226 missing whitespace around arithmetic operator
Model/FeedForwardNetApps/tests/test_UI.py:20:66: E226 missing whitespace around arithmetic operator
Model/FeedForwardNetApps/tests/test_UI.py:21:63: E226 missing whitespace around arithmetic operator
Model/FeedForwardNetApps/tests/test_UI.py:22:66: E226 missing whitespace around arithmetic operator
Model/FeedForwardNetApps/tests/test_UI.py:26:13: F405 np may be undefined, or defined from star imports: Model.FeedForwardNetApps, Model.FeedForwardNetwork
Model/FeedForwardNetApps/tests/test_UI.py:28:13: F405 AutoEncoder may be undefined, or defined from star imports: Model.FeedForwardNetApps, Model.FeedForwardNetwork
Model/FeedForwardNetApps/tests/test_UI.py:30:13: F405 AutoEncoder may be undefined, or defined from star imports: Model.FeedForwardNetApps, Model.FeedForwardNetwork
Model/FeedForwardNetApps/tests/test_UI.py:32:13: F405 AutoEncoder may be undefined, or defined from star imports: Model.FeedForwardNetApps, Model.FeedForwardNetwork
Model/FeedForwardNetApps/tests/test_UI.py:34:13: F405 AutoEncoder may be undefined, or defined from star imports: Model.FeedForwardNetApps, Model.FeedForwardNetwork
Model/FeedForwardNetApps/tests/test_UI.py:36:13: F405 AutoEncoder may be undefined, or defined from star imports: Model.FeedForwardNetApps, Model.FeedForwardNetwork
Model/FeedForwardNetApps/tests/test_UI.py:40:14: F405 FeedForwardNetworkUI may be undefined, or defined from star imports: Model.FeedForwardNetApps, Model.FeedForwardNetwork
Model/FeedForwardNetApps/tests/test_UI.py:43:74: F405 sigmoid may be undefined, or defined from star imports: Model.FeedForwardNetApps, Model.FeedForwardNetwork
Model/FeedForwardNetApps/tests/test_UI.py:44:79: F405 sigmoid_p may be undefined, or defined from star imports: Model.FeedForwardNetApps, Model.FeedForwardNetwork
Model/FeedForwardNetApps/tests/test_UI.py:45:59: F405 mse may be undefined, or defined from star imports: Model.FeedForwardNetApps, Model.FeedForwardNetwork
Model/FeedForwardNetApps/tests/test_UI.py:48:14: F405 FeedForwardNetworkUI may be undefined, or defined from star imports: Model.FeedForwardNetApps, Model.FeedForwardNetwork
Model/FeedForwardNetApps/tests/test_UI.py:49:74: F405 tanh may be undefined, or defined from star imports: Model.FeedForwardNetApps, Model.FeedForwardNetwork
Model/FeedForwardNetApps/tests/test_UI.py:50:79: F405 tanh_p may be undefined, or defined from star imports: Model.FeedForwardNetApps, Model.FeedForwardNetwork
Model/FeedForwardNetApps/tests/test_UI.py:51:74: F405 purelin may be undefined, or defined from star imports: Model.FeedForwardNetApps, Model.FeedForwardNetwork
Model/FeedForwardNetApps/tests/test_UI.py:52:79: F405 purelin_p may be undefined, or defined from star imports: Model.FeedForwardNetApps, Model.FeedForwardNetwork
Model/FeedForwardNetApps/tests/test_UI.py:54:9: F405 FeedForwardNetworkUI may be undefined, or defined from star imports: Model.FeedForwardNetApps, Model.FeedForwardNetwork
Model/FeedForwardNetApps/tests/test_UI.py:58:13: F405 FeedForwardNetworkUI may be undefined, or defined from star imports: Model.FeedForwardNetApps, Model.FeedForwardNetwork
Model/FeedForwardNetApps/tests/test_UI.py:60:13: F405 FeedForwardNetworkUI may be undefined, or defined from star imports: Model.FeedForwardNetApps, Model.FeedForwardNetwork
Model/FeedForwardNetApps/tests/test_UI.py:62:13: F405 FeedForwardNetworkUI may be undefined, or defined from star imports: Model.FeedForwardNetApps, Model.FeedForwardNetwork
Model/FeedForwardNetApps/tests/test_UI.py:64:13: F405 FeedForwardNetworkUI may be undefined, or defined from star imports: Model.FeedForwardNetApps, Model.FeedForwardNetwork
Model/FeedForwardNetApps/tests/test_UI.py:66:13: F405 FeedForwardNetworkUI may be undefined, or defined from star imports: Model.FeedForwardNetApps, Model.FeedForwardNetwork
Model/FeedForwardNetApps/tests/test_UI.py:68:13: F405 FeedForwardNetworkUI may be undefined, or defined from star imports: Model.FeedForwardNetApps, Model.FeedForwardNetwork
Model/FeedForwardNetApps/tests/test_UI.py:70:13: F405 FeedForwardNetworkUI may be undefined, or defined from star imports: Model.FeedForwardNetApps, Model.FeedForwardNetwork
Model/FeedForwardNetApps/tests/test_UI.py:70:54: E251 unexpected spaces around keyword / parameter equals
Model/FeedForwardNetApps/tests/test_UI.py:70:56: E251 unexpected spaces around keyword / parameter equals
Model/FeedForwardNetApps/tests/test_UI.py:71:1: W391 blank line at end of file
Model/FeedForwardNetApps/tests/__init__.py:4:1: W391 blank line at end of file
Model/FeedForwardNetApps/tests/test_AutoEncoding_process.py:1:1: F401 'mpl_toolkits.mplot3d.Axes3D' imported but unused
Model/FeedForwardNetApps/tests/test_AutoEncoding_process.py:6:1: F403 'from Model.FeedForwardNetApps import *' used; unable to detect undefined names
Model/FeedForwardNetApps/tests/test_AutoEncoding_process.py:7:1: F403 'from Model.FeedForwardNetwork.NetworkLayers import *' used; unable to detect undefined names
Model/FeedForwardNetApps/tests/test_AutoEncoding_process.py:11:11: F405 np may be undefined, or defined from star imports: Model.FeedForwardNetApps, Model.FeedForwardNetwork.NetworkLayers
Model/FeedForwardNetApps/tests/test_AutoEncoding_process.py:12:11: F405 np may be undefined, or defined from star imports: Model.FeedForwardNetApps, Model.FeedForwardNetwork.NetworkLayers
Model/FeedForwardNetApps/tests/test_AutoEncoding_process.py:14:9: F405 np may be undefined, or defined from star imports: Model.FeedForwardNetApps, Model.FeedForwardNetwork.NetworkLayers
Model/FeedForwardNetApps/tests/test_AutoEncoding_process.py:19:17: F405 np may be undefined, or defined from star imports: Model.FeedForwardNetApps, Model.FeedForwardNetwork.NetworkLayers
Model/FeedForwardNetApps/tests/test_AutoEncoding_process.py:20:15: F405 AutoEncoder may be undefined, or defined from star imports: Model.FeedForwardNetApps, Model.FeedForwardNetwork.NetworkLayers
Model/FeedForwardNetApps/tests/test_AutoEncoding_process.py:23:12: F405 np may be undefined, or defined from star imports: Model.FeedForwardNetApps, Model.FeedForwardNetwork.NetworkLayers
Model/FeedForwardNetApps/tests/test_AutoEncoding_process.py:23:20: F405 np may be undefined, or defined from star imports: Model.FeedForwardNetApps, Model.FeedForwardNetwork.NetworkLayers
Model/FeedForwardNetApps/tests/test_AutoEncoding_process.py:31:15: F405 np may be undefined, or defined from star imports: Model.FeedForwardNetApps, Model.FeedForwardNetwork.NetworkLayers
Model/FeedForwardNetApps/tests/test_AutoEncoding_process.py:32:9: F405 np may be undefined, or defined from star imports: Model.FeedForwardNetApps, Model.FeedForwardNetwork.NetworkLayers
Model/FeedForwardNetApps/tests/test_AutoEncoding_process.py:36:21: F405 np may be undefined, or defined from star imports: Model.FeedForwardNetApps, Model.FeedForwardNetwork.NetworkLayers
Model/FeedForwardNetApps/tests/test_AutoEncoding_process.py:37:52: E231 missing whitespace after ','
Model/FeedForwardNetApps/tests/test_AutoEncoding_process.py:38:52: E231 missing whitespace after ','
Model/FeedForwardNetApps/tests/test_AutoEncoding_process.py:39:31: F405 np may be undefined, or defined from star imports: Model.FeedForwardNetApps, Model.FeedForwardNetwork.NetworkLayers
Model/FeedForwardNetApps/tests/test_AutoEncoding_process.py:41:13: F405 np may be undefined, or defined from star imports: Model.FeedForwardNetApps, Model.FeedForwardNetwork.NetworkLayers
Model/FeedForwardNetApps/tests/test_AutoEncoding_process.py:42:13: F405 np may be undefined, or defined from star imports: Model.FeedForwardNetApps, Model.FeedForwardNetwork.NetworkLayers
Model/FeedForwardNetApps/tests/test_AutoEncoding_process.py:43:13: F405 np may be undefined, or defined from star imports: Model.FeedForwardNetApps, Model.FeedForwardNetwork.NetworkLayers
Model/FeedForwardNetApps/tests/test_AutoEncoding_process.py:43:20: F405 np may be undefined, or defined from star imports: Model.FeedForwardNetApps, Model.FeedForwardNetwork.NetworkLayers
Model/FeedForwardNetApps/tests/test_AutoEncoding_process.py:44:15: F405 AutoEncoder may be undefined, or defined from star imports: Model.FeedForwardNetApps, Model.FeedForwardNetwork.NetworkLayers
Model/FeedForwardNetApps/tests/test_AutoEncoding_process.py:48:37: F405 np may be undefined, or defined from star imports: Model.FeedForwardNetApps, Model.FeedForwardNetwork.NetworkLayers
Model/FeedForwardNetApps/tests/test_AutoEncoding_process.py:48:44: F405 np may be undefined, or defined from star imports: Model.FeedForwardNetApps, Model.FeedForwardNetwork.NetworkLayers
Model/FeedForwardNetApps/tests/test_AutoEncoding_process.py:62:12: F405 np may be undefined, or defined from star imports: Model.FeedForwardNetApps, Model.FeedForwardNetwork.NetworkLayers
Model/FeedForwardNetApps/tests/test_AutoEncoding_process.py:62:20: F405 np may be undefined, or defined from star imports: Model.FeedForwardNetApps, Model.FeedForwardNetwork.NetworkLayers
Model/FeedForwardNetApps/tests/test_AutoEncoding_process.py:68:5: E303 too many blank lines (2)
Model/FeedForwardNetApps/tests/test_AutoEncoding_process.py:70:9: F405 np may be undefined, or defined from star imports: Model.FeedForwardNetApps, Model.FeedForwardNetwork.NetworkLayers
Model/FeedForwardNetApps/tests/test_AutoEncoding_process.py:77:13: F405 np may be undefined, or defined from star imports: Model.FeedForwardNetApps, Model.FeedForwardNetwork.NetworkLayers
Model/FeedForwardNetApps/tests/test_AutoEncoding_process.py:78:76: E251 unexpected spaces around keyword / parameter equals
Model/FeedForwardNetApps/tests/test_AutoEncoding_process.py:78:78: E251 unexpected spaces around keyword / parameter equals
Model/FeedForwardNetApps/tests/test_AutoEncoding_process.py:78:96: E251 unexpected spaces around keyword / parameter equals
Model/FeedForwardNetApps/tests/test_AutoEncoding_process.py:78:98: E251 unexpected spaces around keyword / parameter equals
Model/FeedForwardNetApps/tests/test_AutoEncoding_process.py:84:13: F405 np may be undefined, or defined from star imports: Model.FeedForwardNetApps, Model.FeedForwardNetwork.NetworkLayers
Model/FeedForwardNetApps/tests/test_AutoEncoding_process.py:85:76: E251 unexpected spaces around keyword / parameter equals
Model/FeedForwardNetApps/tests/test_AutoEncoding_process.py:85:78: E251 unexpected spaces around keyword / parameter equals
Model/FeedForwardNetApps/tests/test_AutoEncoding_process.py:85:96: E251 unexpected spaces around keyword / parameter equals
Model/FeedForwardNetApps/tests/test_AutoEncoding_process.py:85:98: E251 unexpected spaces around keyword / parameter equals
Model/FeedForwardNetApps/tests/test_autoencode_data.py:1:1: F401 'mpl_toolkits.mplot3d.Axes3D' imported but unused
Model/FeedForwardNetApps/tests/test_autoencode_data.py:6:1: F401 'unittest' imported but unused
Model/FeedForwardNetApps/tests/test_autoencode_data.py:7:1: F403 'from Model.FeedForwardNetApps import *' used; unable to detect undefined names
Model/FeedForwardNetApps/tests/test_autoencode_data.py:8:1: F403 'from Model.FeedForwardNetwork.NetworkLayers import *' used; unable to detect undefined names
Model/FeedForwardNetApps/tests/test_autoencode_data.py:11:1: F403 'from dataprep.loader import *' used; unable to detect undefined names
Model/FeedForwardNetApps/tests/test_autoencode_data.py:12:1: F403 'from dataprep.transformer import *' used; unable to detect undefined names
Model/FeedForwardNetApps/tests/test_autoencode_data.py:17:17: F405 CSVLoader may be undefined, or defined from star imports: Model.FeedForwardNetApps, Model.FeedForwardNetwork.NetworkLayers, dataprep.loader, dataprep.transformer
Model/FeedForwardNetApps/tests/test_autoencode_data.py:19:11: F405 TabularSchemaTransformer may be undefined, or defined from star imports: Model.FeedForwardNetApps, Model.FeedForwardNetwork.NetworkLayers, dataprep.loader, dataprep.transformer
Model/FeedForwardNetApps/tests/test_autoencode_data.py:20:13: E126 continuation line over-indented for hanging indent
Model/FeedForwardNetApps/tests/test_autoencode_data.py:34:13: E123 closing bracket does not match indentation of opening bracket's line
Model/FeedForwardNetApps/tests/test_autoencode_data.py:35:11: F405 TabularSchemaTransformer may be undefined, or defined from star imports: Model.FeedForwardNetApps, Model.FeedForwardNetwork.NetworkLayers, dataprep.loader, dataprep.transformer
Model/FeedForwardNetApps/tests/test_autoencode_data.py:38:12: F405 ColumnNormalizer may be undefined, or defined from star imports: Model.FeedForwardNetApps, Model.FeedForwardNetwork.NetworkLayers, dataprep.loader, dataprep.transformer
Model/FeedForwardNetApps/tests/test_autoencode_data.py:42:10: F405 NullValueTransformer may be undefined, or defined from star imports: Model.FeedForwardNetApps, Model.FeedForwardNetwork.NetworkLayers, dataprep.loader, dataprep.transformer
Model/FeedForwardNetApps/tests/test_autoencode_data.py:44:10: F405 NullIndicatorTransformer may be undefined, or defined from star imports: Model.FeedForwardNetApps, Model.FeedForwardNetwork.NetworkLayers, dataprep.loader, dataprep.transformer
Model/FeedForwardNetApps/tests/test_autoencode_data.py:46:10: F405 NumericImputationTransformer may be undefined, or defined from star imports: Model.FeedForwardNetApps, Model.FeedForwardNetwork.NetworkLayers, dataprep.loader, dataprep.transformer
Model/FeedForwardNetApps/tests/test_autoencode_data.py:48:11: F405 OneHotEncoderTransformer may be undefined, or defined from star imports: Model.FeedForwardNetApps, Model.FeedForwardNetwork.NetworkLayers, dataprep.loader, dataprep.transformer
Model/FeedForwardNetApps/tests/test_autoencode_data.py:51:17: F405 PipelineTransformer may be undefined, or defined from star imports: Model.FeedForwardNetApps, Model.FeedForwardNetwork.NetworkLayers, dataprep.loader, dataprep.transformer
Model/FeedForwardNetApps/tests/test_autoencode_data.py:53:17: F405 PipelineTransformer may be undefined, or defined from star imports: Model.FeedForwardNetApps, Model.FeedForwardNetwork.NetworkLayers, dataprep.loader, dataprep.transformer
Model/FeedForwardNetApps/tests/test_autoencode_data.py:62:17: F405 CSVLoader may be undefined, or defined from star imports: Model.FeedForwardNetApps, Model.FeedForwardNetwork.NetworkLayers, dataprep.loader, dataprep.transformer
Model/FeedForwardNetApps/tests/test_autoencode_data.py:66:5: E303 too many blank lines (2)
Model/FeedForwardNetApps/tests/test_autoencode_data.py:67:12: F405 ColumnNormalizer may be undefined, or defined from star imports: Model.FeedForwardNetApps, Model.FeedForwardNetwork.NetworkLayers, dataprep.loader, dataprep.transformer
Model/FeedForwardNetApps/tests/test_autoencode_data.py:73:10: F405 NullIndicatorTransformer may be undefined, or defined from star imports: Model.FeedForwardNetApps, Model.FeedForwardNetwork.NetworkLayers, dataprep.loader, dataprep.transformer
Model/FeedForwardNetApps/tests/test_autoencode_data.py:75:10: F405 NumericImputationTransformer may be undefined, or defined from star imports: Model.FeedForwardNetApps, Model.FeedForwardNetwork.NetworkLayers, dataprep.loader, dataprep.transformer
Model/FeedForwardNetApps/tests/test_autoencode_data.py:77:11: F405 OneHotEncoderTransformer may be undefined, or defined from star imports: Model.FeedForwardNetApps, Model.FeedForwardNetwork.NetworkLayers, dataprep.loader, dataprep.transformer
Model/FeedForwardNetApps/tests/test_autoencode_data.py:80:17: F405 PipelineTransformer may be undefined, or defined from star imports: Model.FeedForwardNetApps, Model.FeedForwardNetwork.NetworkLayers, dataprep.loader, dataprep.transformer
Model/FeedForwardNetApps/tests/test_autoencode_data.py:82:17: F405 PipelineTransformer may be undefined, or defined from star imports: Model.FeedForwardNetApps, Model.FeedForwardNetwork.NetworkLayers, dataprep.loader, dataprep.transformer
Model/FeedForwardNetApps/tests/test_autoencode_data.py:91:17: F405 CSVLoader may be undefined, or defined from star imports: Model.FeedForwardNetApps, Model.FeedForwardNetwork.NetworkLayers, dataprep.loader, dataprep.transformer
Model/FeedForwardNetApps/tests/test_autoencode_data.py:95:5: E303 too many blank lines (2)
Model/FeedForwardNetApps/tests/test_autoencode_data.py:96:12: F405 ColumnNormalizer may be undefined, or defined from star imports: Model.FeedForwardNetApps, Model.FeedForwardNetwork.NetworkLayers, dataprep.loader, dataprep.transformer
Model/FeedForwardNetApps/tests/test_autoencode_data.py:102:10: F405 NullIndicatorTransformer may be undefined, or defined from star imports: Model.FeedForwardNetApps, Model.FeedForwardNetwork.NetworkLayers, dataprep.loader, dataprep.transformer
Model/FeedForwardNetApps/tests/test_autoencode_data.py:104:10: F405 NumericImputationTransformer may be undefined, or defined from star imports: Model.FeedForwardNetApps, Model.FeedForwardNetwork.NetworkLayers, dataprep.loader, dataprep.transformer
Model/FeedForwardNetApps/tests/test_autoencode_data.py:106:11: F405 OneHotEncoderTransformer may be undefined, or defined from star imports: Model.FeedForwardNetApps, Model.FeedForwardNetwork.NetworkLayers, dataprep.loader, dataprep.transformer
Model/FeedForwardNetApps/tests/test_autoencode_data.py:109:17: F405 PipelineTransformer may be undefined, or defined from star imports: Model.FeedForwardNetApps, Model.FeedForwardNetwork.NetworkLayers, dataprep.loader, dataprep.transformer
Model/FeedForwardNetApps/tests/test_autoencode_data.py:111:17: F405 PipelineTransformer may be undefined, or defined from star imports: Model.FeedForwardNetApps, Model.FeedForwardNetwork.NetworkLayers, dataprep.loader, dataprep.transformer
Model/FeedForwardNetApps/tests/test_autoencode_data.py:118:37: E251 unexpected spaces around keyword / parameter equals
Model/FeedForwardNetApps/tests/test_autoencode_data.py:118:39: E251 unexpected spaces around keyword / parameter equals
Model/FeedForwardNetApps/tests/test_autoencode_data.py:122:28: E226 missing whitespace around arithmetic operator
Model/FeedForwardNetApps/tests/test_autoencode_data.py:124:31: F405 np may be undefined, or defined from star imports: Model.FeedForwardNetApps, Model.FeedForwardNetwork.NetworkLayers, dataprep.loader, dataprep.transformer
Model/FeedForwardNetApps/tests/test_autoencode_data.py:128:11: F405 np may be undefined, or defined from star imports: Model.FeedForwardNetApps, Model.FeedForwardNetwork.NetworkLayers, dataprep.loader, dataprep.transformer
Model/FeedForwardNetApps/tests/test_autoencode_data.py:132:19: F405 AutoEncoder may be undefined, or defined from star imports: Model.FeedForwardNetApps, Model.FeedForwardNetwork.NetworkLayers, dataprep.loader, dataprep.transformer
Model/FeedForwardNetApps/tests/test_autoencode_data.py:146:14: E226 missing whitespace around arithmetic operator
Model/FeedForwardNetApps/tests/test_autoencode_data.py:146:20: F405 np may be undefined, or defined from star imports: Model.FeedForwardNetApps, Model.FeedForwardNetwork.NetworkLayers, dataprep.loader, dataprep.transformer
Model/FeedForwardNetApps/tests/test_autoencode_data.py:146:28: F405 np may be undefined, or defined from star imports: Model.FeedForwardNetApps, Model.FeedForwardNetwork.NetworkLayers, dataprep.loader, dataprep.transformer
Model/FeedForwardNetApps/tests/test_autoencode_data.py:172:9: F405 np may be undefined, or defined from star imports: Model.FeedForwardNetApps, Model.FeedForwardNetwork.NetworkLayers, dataprep.loader, dataprep.transformer
Model/FeedForwardNetApps/tests/test_autoencode_data.py:178:9: F405 np may be undefined, or defined from star imports: Model.FeedForwardNetApps, Model.FeedForwardNetwork.NetworkLayers, dataprep.loader, dataprep.transformer
Model/FeedForwardNetwork/__init__.py:4:1: F403 'from .Network import *' used; unable to detect undefined names
Model/FeedForwardNetwork/__init__.py:4:1: F401 '.Network.*' imported but unused
Model/FeedForwardNetwork/__init__.py:5:1: F403 'from .NetworkFunction import *' used; unable to detect undefined names
Model/FeedForwardNetwork/__init__.py:5:1: F401 '.NetworkFunction.*' imported but unused
Model/FeedForwardNetwork/__init__.py:6:1: F403 'from .NetworkLayers import *' used; unable to detect undefined names
Model/FeedForwardNetwork/__init__.py:6:1: F401 '.NetworkLayers.*' imported but unused
Model/FeedForwardNetwork/__init__.py:7:1: F403 'from .NeuralNetworkLearner import *' used; unable to detect undefined names
Model/FeedForwardNetwork/__init__.py:7:1: F401 '.NeuralNetworkLearner.*' imported but unused
Model/FeedForwardNetwork/__init__.py:8:1: F403 'from .utils import *' used; unable to detect undefined names
Model/FeedForwardNetwork/__init__.py:8:1: F401 '.utils.*' imported but unused
Model/FeedForwardNetwork/__init__.py:8:21: W292 no newline at end of file
Model/FeedForwardNetwork/Network.py:19:48: E251 unexpected spaces around keyword / parameter equals
Model/FeedForwardNetwork/Network.py:19:50: E251 unexpected spaces around keyword / parameter equals
Model/FeedForwardNetwork/Network.py:19:73: E251 unexpected spaces around keyword / parameter equals
Model/FeedForwardNetwork/Network.py:38:9: E265 block comment should start with '# '
Model/FeedForwardNetwork/Network.py:40:45: E226 missing whitespace around arithmetic operator
Model/FeedForwardNetwork/Network.py:47:46: E251 unexpected spaces around keyword / parameter equals
Model/FeedForwardNetwork/Network.py:47:48: E251 unexpected spaces around keyword / parameter equals
Model/FeedForwardNetwork/Network.py:47:71: E251 unexpected spaces around keyword / parameter equals
Model/FeedForwardNetwork/Network.py:47:73: E251 unexpected spaces around keyword / parameter equals
Model/FeedForwardNetwork/Network.py:48:49: E251 unexpected spaces around keyword / parameter equals
Model/FeedForwardNetwork/Network.py:48:51: E251 unexpected spaces around keyword / parameter equals
Model/FeedForwardNetwork/Network.py:48:67: E251 unexpected spaces around keyword / parameter equals
Model/FeedForwardNetwork/Network.py:48:69: E251 unexpected spaces around keyword / parameter equals
Model/FeedForwardNetwork/Network.py:68:37: E226 missing whitespace around arithmetic operator
Model/FeedForwardNetwork/Network.py:89:5: E303 too many blank lines (2)
Model/FeedForwardNetwork/Network.py:100:5: E303 too many blank lines (2)
Model/FeedForwardNetwork/NeuralNetworkLearner.py:23:5: E303 too many blank lines (2)
Model/FeedForwardNetwork/NeuralNetworkLearner.py:34:47: E226 missing whitespace around arithmetic operator
Model/FeedForwardNetwork/NeuralNetworkLearner.py:44:5: E303 too many blank lines (2)
Model/FeedForwardNetwork/NeuralNetworkLearner.py:44:38: E251 unexpected spaces around keyword / parameter equals
Model/FeedForwardNetwork/NeuralNetworkLearner.py:44:40: E251 unexpected spaces around keyword / parameter equals
Model/FeedForwardNetwork/NeuralNetworkLearner.py:100:41: E126 continuation line over-indented for hanging indent
Model/FeedForwardNetwork/NeuralNetworkLearner.py:100:52: E251 unexpected spaces around keyword / parameter equals
Model/FeedForwardNetwork/NeuralNetworkLearner.py:100:54: E251 unexpected spaces around keyword / parameter equals
Model/FeedForwardNetwork/NeuralNetworkLearner.py:101:55: E251 unexpected spaces around keyword / parameter equals
Model/FeedForwardNetwork/NeuralNetworkLearner.py:101:57: E251 unexpected spaces around keyword / parameter equals
Model/FeedForwardNetwork/NeuralNetworkLearner.py:117:29: E126 continuation line over-indented for hanging indent
Model/FeedForwardNetwork/NeuralNetworkLearner.py:117:45: E251 unexpected spaces around keyword / parameter equals
Model/FeedForwardNetwork/NeuralNetworkLearner.py:117:47: E251 unexpected spaces around keyword / parameter equals
Model/FeedForwardNetwork/NeuralNetworkLearner.py:118:44: E251 unexpected spaces around keyword / parameter equals
Model/FeedForwardNetwork/NeuralNetworkLearner.py:118:46: E251 unexpected spaces around keyword / parameter equals
Model/FeedForwardNetwork/NeuralNetworkLearner.py:123:5: E303 too many blank lines (3)
Model/FeedForwardNetwork/NeuralNetworkLearner.py:201:12: E713 test for membership should be 'not in'
Model/FeedForwardNetwork/utils.py:55:1: E305 expected 2 blank lines after class or function definition, found 1
Model/FeedForwardNetwork/utils.py:56:15: E126 continuation line over-indented for hanging indent
Model/FeedForwardNetwork/utils.py:59:15: E123 closing bracket does not match indentation of opening bracket's line
Model/FeedForwardNetwork/utils.py:62:15: E126 continuation line over-indented for hanging indent
Model/FeedForwardNetwork/utils.py:63:13: E126 continuation line over-indented for hanging indent
Model/FeedForwardNetwork/utils.py:89:14: E211 whitespace before '('
Model/FeedForwardNetwork/NetworkLayers/FullyConnectedLayer.py:15:31: E251 unexpected spaces around keyword / parameter equals
Model/FeedForwardNetwork/NetworkLayers/FullyConnectedLayer.py:15:33: E251 unexpected spaces around keyword / parameter equals
Model/FeedForwardNetwork/NetworkLayers/FullyConnectedLayer.py:18:73: E226 missing whitespace around arithmetic operator
Model/FeedForwardNetwork/NetworkLayers/Layer.py:11:40: E251 unexpected spaces around keyword / parameter equals
Model/FeedForwardNetwork/NetworkLayers/Layer.py:11:42: E251 unexpected spaces around keyword / parameter equals
Model/FeedForwardNetwork/NetworkLayers/Layer.py:16:5: E303 too many blank lines (2)
Model/FeedForwardNetwork/NetworkLayers/Layer.py:32:30: W292 no newline at end of file
Model/FeedForwardNetwork/NetworkLayers/__init__.py:6:1: F403 'from .Layer import *' used; unable to detect undefined names
Model/FeedForwardNetwork/NetworkLayers/__init__.py:6:1: F401 '.Layer.*' imported but unused
Model/FeedForwardNetwork/NetworkLayers/__init__.py:7:1: F403 'from .FullyConnectedLayer import *' used; unable to detect undefined names
Model/FeedForwardNetwork/NetworkLayers/__init__.py:7:1: F401 '.FullyConnectedLayer.*' imported but unused
Model/FeedForwardNetwork/NetworkLayers/__init__.py:8:1: F403 'from .ActivationLayer import *' used; unable to detect undefined names
Model/FeedForwardNetwork/NetworkLayers/__init__.py:8:1: F401 '.ActivationLayer.*' imported but unused
Model/FeedForwardNetwork/NetworkLayers/__init__.py:9:1: F403 'from .ConnectionActivationLayer import *' used; unable to detect undefined names
Model/FeedForwardNetwork/NetworkLayers/__init__.py:9:1: F401 '.ConnectionActivationLayer.*' imported but unused
Model/FeedForwardNetwork/NetworkLayers/__init__.py:9:41: W292 no newline at end of file
Model/FeedForwardNetwork/NetworkLayers/ConnectionActivationLayer.py:1:1: F401 'numpy as np' imported but unused
Model/FeedForwardNetwork/NetworkLayers/ConnectionActivationLayer.py:25:19: E251 unexpected spaces around keyword / parameter equals
Model/FeedForwardNetwork/NetworkLayers/ConnectionActivationLayer.py:25:21: E251 unexpected spaces around keyword / parameter equals
Model/FeedForwardNetwork/NetworkLayers/ConnectionActivationLayer.py:25:37: E251 unexpected spaces around keyword / parameter equals
Model/FeedForwardNetwork/NetworkLayers/ConnectionActivationLayer.py:25:39: E251 unexpected spaces around keyword / parameter equals
Model/FeedForwardNetwork/NetworkLayers/ConnectionActivationLayer.py:28:16: E251 unexpected spaces around keyword / parameter equals
Model/FeedForwardNetwork/NetworkLayers/ConnectionActivationLayer.py:28:18: E251 unexpected spaces around keyword / parameter equals
Model/FeedForwardNetwork/NetworkLayers/ConnectionActivationLayer.py:28:35: E251 unexpected spaces around keyword / parameter equals
Model/FeedForwardNetwork/NetworkLayers/ConnectionActivationLayer.py:28:50: E251 unexpected spaces around keyword / parameter equals
Model/FeedForwardNetwork/NetworkLayers/ConnectionActivationLayer.py:30:28: E226 missing whitespace around arithmetic operator
Model/FeedForwardNetwork/NetworkLayers/ActivationLayer.py:3:1: F401 'Model.FeedForwardNetwork.NetworkFunction' imported but unused
Model/FeedForwardNetwork/NetworkLayers/ActivationLayer.py:12:1: W293 blank line contains whitespace
Model/FeedForwardNetwork/NetworkLayers/tests/test_layers.py:2:1: F403 'from Model.FeedForwardNetwork import *' used; unable to detect undefined names
Model/FeedForwardNetwork/NetworkLayers/tests/test_layers.py:6:20: F405 ActivationLayer may be undefined, or defined from star imports: Model.FeedForwardNetwork
Model/FeedForwardNetwork/NetworkLayers/tests/test_layers.py:6:36: F405 sigmoid may be undefined, or defined from star imports: Model.FeedForwardNetwork
Model/FeedForwardNetwork/NetworkLayers/tests/test_layers.py:6:45: F405 sigmoid_p may be undefined, or defined from star imports: Model.FeedForwardNetwork
Model/FeedForwardNetwork/NetworkLayers/tests/test_layers.py:7:46: F405 sigmoid may be undefined, or defined from star imports: Model.FeedForwardNetwork
Model/FeedForwardNetwork/NetworkLayers/tests/test_layers.py:8:51: F405 sigmoid_p may be undefined, or defined from star imports: Model.FeedForwardNetwork
Model/FeedForwardNetwork/NetworkLayers/tests/test_layers.py:12:31: F405 FullyConnectedLayer may be undefined, or defined from star imports: Model.FeedForwardNetwork
Model/FeedForwardNetwork/NetworkLayers/tests/test_layers.py:12:58: E251 unexpected spaces around keyword / parameter equals
Model/FeedForwardNetwork/NetworkLayers/tests/test_layers.py:12:69: E251 unexpected spaces around keyword / parameter equals
Model/FeedForwardNetwork/NetworkLayers/tests/test_layers.py:12:71: E251 unexpected spaces around keyword / parameter equals
Model/FeedForwardNetwork/NetworkLayers/tests/test_layers.py:18:5: E303 too many blank lines (2)
Model/FeedForwardNetwork/NetworkLayers/tests/test_layers.py:19:26: F405 ConnectionActivationLayer may be undefined, or defined from star imports: Model.FeedForwardNetwork
Model/FeedForwardNetwork/NetworkLayers/tests/test_layers.py:19:52: F405 tanh may be undefined, or defined from star imports: Model.FeedForwardNetwork
Model/FeedForwardNetwork/NetworkLayers/tests/test_layers.py:19:58: F405 tanh_p may be undefined, or defined from star imports: Model.FeedForwardNetwork
Model/FeedForwardNetwork/NetworkLayers/tests/test_layers.py:20:68: F405 tanh may be undefined, or defined from star imports: Model.FeedForwardNetwork
Model/FeedForwardNetwork/NetworkLayers/tests/test_layers.py:21:73: F405 tanh_p may be undefined, or defined from star imports: Model.FeedForwardNetwork
Model/FeedForwardNetwork/NetworkLayers/tests/test_layers.py:29:5: E303 too many blank lines (2)
Model/FeedForwardNetwork/NetworkLayers/tests/test_layers.py:30:20: F405 ActivationLayer may be undefined, or defined from star imports: Model.FeedForwardNetwork
Model/FeedForwardNetwork/NetworkLayers/tests/test_layers.py:30:36: F405 sigmoid may be undefined, or defined from star imports: Model.FeedForwardNetwork
Model/FeedForwardNetwork/NetworkLayers/tests/test_layers.py:30:45: F405 sigmoid_p may be undefined, or defined from star imports: Model.FeedForwardNetwork
Model/FeedForwardNetwork/NetworkLayers/tests/test_layers.py:31:43: F405 np may be undefined, or defined from star imports: Model.FeedForwardNetwork
Model/FeedForwardNetwork/NetworkLayers/tests/test_layers.py:34:52: F405 np may be undefined, or defined from star imports: Model.FeedForwardNetwork
Model/FeedForwardNetwork/NetworkLayers/tests/test_layers.py:39:31: F405 FullyConnectedLayer may be undefined, or defined from star imports: Model.FeedForwardNetwork
Model/FeedForwardNetwork/NetworkLayers/tests/test_layers.py:39:58: E251 unexpected spaces around keyword / parameter equals
Model/FeedForwardNetwork/NetworkLayers/tests/test_layers.py:39:69: E251 unexpected spaces around keyword / parameter equals
Model/FeedForwardNetwork/NetworkLayers/tests/test_layers.py:39:71: E251 unexpected spaces around keyword / parameter equals
Model/FeedForwardNetwork/NetworkLayers/tests/test_layers.py:40:39: F405 np may be undefined, or defined from star imports: Model.FeedForwardNetwork
Model/FeedForwardNetwork/NetworkLayers/tests/test_layers.py:41:56: F405 np may be undefined, or defined from star imports: Model.FeedForwardNetwork
Model/FeedForwardNetwork/NetworkLayers/tests/test_layers.py:48:5: E303 too many blank lines (2)
Model/FeedForwardNetwork/NetworkLayers/tests/test_layers.py:49:26: F405 ConnectionActivationLayer may be undefined, or defined from star imports: Model.FeedForwardNetwork
Model/FeedForwardNetwork/NetworkLayers/tests/test_layers.py:49:52: F405 tanh may be undefined, or defined from star imports: Model.FeedForwardNetwork
Model/FeedForwardNetwork/NetworkLayers/tests/test_layers.py:49:58: F405 tanh_p may be undefined, or defined from star imports: Model.FeedForwardNetwork
Model/FeedForwardNetwork/NetworkLayers/tests/test_layers.py:50:54: F405 np may be undefined, or defined from star imports: Model.FeedForwardNetwork
Model/FeedForwardNetwork/NetworkLayers/tests/test_layers.py:50:64: E231 missing whitespace after ','
Model/FeedForwardNetwork/NetworkLayers/tests/test_layers.py:51:42: F405 np may be undefined, or defined from star imports: Model.FeedForwardNetwork
Model/FeedForwardNetwork/NetworkLayers/tests/test_layers.py:54:31: F405 FullyConnectedLayer may be undefined, or defined from star imports: Model.FeedForwardNetwork
Model/FeedForwardNetwork/NetworkLayers/tests/test_layers.py:54:58: E251 unexpected spaces around keyword / parameter equals
Model/FeedForwardNetwork/NetworkLayers/tests/test_layers.py:54:69: E251 unexpected spaces around keyword / parameter equals
Model/FeedForwardNetwork/NetworkLayers/tests/test_layers.py:54:71: E251 unexpected spaces around keyword / parameter equals
Model/FeedForwardNetwork/NetworkLayers/tests/test_layers.py:55:39: F405 np may be undefined, or defined from star imports: Model.FeedForwardNetwork
Model/FeedForwardNetwork/NetworkLayers/tests/test_layers.py:56:20: F405 ActivationLayer may be undefined, or defined from star imports: Model.FeedForwardNetwork
Model/FeedForwardNetwork/NetworkLayers/tests/test_layers.py:56:36: F405 tanh may be undefined, or defined from star imports: Model.FeedForwardNetwork
Model/FeedForwardNetwork/NetworkLayers/tests/test_layers.py:56:42: F405 tanh_p may be undefined, or defined from star imports: Model.FeedForwardNetwork
Model/FeedForwardNetwork/NetworkLayers/tests/test_layers.py:58:59: F405 np may be undefined, or defined from star imports: Model.FeedForwardNetwork
Model/FeedForwardNetwork/NetworkLayers/tests/test_layers.py:66:13: F405 FullyConnectedLayer may be undefined, or defined from star imports: Model.FeedForwardNetwork
Model/FeedForwardNetwork/NetworkLayers/tests/test_layers.py:68:13: F405 FullyConnectedLayer may be undefined, or defined from star imports: Model.FeedForwardNetwork
Model/FeedForwardNetwork/NetworkLayers/tests/test_layers.py:70:13: F405 ActivationLayer may be undefined, or defined from star imports: Model.FeedForwardNetwork
Model/FeedForwardNetwork/NetworkLayers/tests/test_layers.py:70:29: F405 sigmoid may be undefined, or defined from star imports: Model.FeedForwardNetwork
Model/FeedForwardNetwork/NetworkLayers/tests/test_layers.py:70:38: F405 sigmoid_p may be undefined, or defined from star imports: Model.FeedForwardNetwork
Model/FeedForwardNetwork/NetworkLayers/tests/test_layers.py:72:13: F405 ConnectionActivationLayer may be undefined, or defined from star imports: Model.FeedForwardNetwork
Model/FeedForwardNetwork/NetworkLayers/tests/test_layers.py:72:39: F405 tanh may be undefined, or defined from star imports: Model.FeedForwardNetwork
Model/FeedForwardNetwork/NetworkLayers/tests/test_layers.py:72:45: F405 tanh_p may be undefined, or defined from star imports: Model.FeedForwardNetwork
Model/FeedForwardNetwork/NetworkLayers/tests/test_layers.py:74:13: F405 ConnectionActivationLayer may be undefined, or defined from star imports: Model.FeedForwardNetwork
Model/FeedForwardNetwork/NetworkLayers/tests/test_layers.py:74:39: F405 tanh may be undefined, or defined from star imports: Model.FeedForwardNetwork
Model/FeedForwardNetwork/NetworkLayers/tests/test_layers.py:74:45: F405 tanh_p may be undefined, or defined from star imports: Model.FeedForwardNetwork
Model/FeedForwardNetwork/NetworkLayers/tests/test_layers.py:78:13: F405 ActivationLayer may be undefined, or defined from star imports: Model.FeedForwardNetwork
Model/FeedForwardNetwork/NetworkLayers/tests/test_layers.py:78:29: F405 sigmoid may be undefined, or defined from star imports: Model.FeedForwardNetwork
Model/FeedForwardNetwork/NetworkLayers/tests/test_layers.py:80:13: F405 ActivationLayer may be undefined, or defined from star imports: Model.FeedForwardNetwork
Model/FeedForwardNetwork/NetworkLayers/tests/test_layers.py:80:33: F405 sigmoid_p may be undefined, or defined from star imports: Model.FeedForwardNetwork
Model/FeedForwardNetwork/NetworkLayers/tests/test_layers.py:82:13: F405 ActivationLayer may be undefined, or defined from star imports: Model.FeedForwardNetwork
Model/FeedForwardNetwork/NetworkLayers/tests/test_layers.py:82:40: F405 sigmoid_p may be undefined, or defined from star imports: Model.FeedForwardNetwork
Model/FeedForwardNetwork/NetworkLayers/tests/test_layers.py:84:13: F405 ConnectionActivationLayer may be undefined, or defined from star imports: Model.FeedForwardNetwork
Model/FeedForwardNetwork/NetworkLayers/tests/test_layers.py:84:39: F405 sigmoid may be undefined, or defined from star imports: Model.FeedForwardNetwork
Model/FeedForwardNetwork/NetworkLayers/tests/test_layers.py:86:13: F405 ConnectionActivationLayer may be undefined, or defined from star imports: Model.FeedForwardNetwork
Model/FeedForwardNetwork/NetworkLayers/tests/test_layers.py:86:43: F405 sigmoid_p may be undefined, or defined from star imports: Model.FeedForwardNetwork
Model/FeedForwardNetwork/NetworkLayers/tests/test_layers.py:88:13: F405 ConnectionActivationLayer may be undefined, or defined from star imports: Model.FeedForwardNetwork
Model/FeedForwardNetwork/NetworkLayers/tests/test_layers.py:88:47: F405 sigmoid_p may be undefined, or defined from star imports: Model.FeedForwardNetwork
Model/FeedForwardNetwork/NetworkLayers/tests/test_layers.py:91:31: F405 FullyConnectedLayer may be undefined, or defined from star imports: Model.FeedForwardNetwork
Model/FeedForwardNetwork/NetworkLayers/tests/test_layers.py:91:58: E251 unexpected spaces around keyword / parameter equals
Model/FeedForwardNetwork/NetworkLayers/tests/test_layers.py:91:69: E251 unexpected spaces around keyword / parameter equals
Model/FeedForwardNetwork/NetworkLayers/tests/test_layers.py:91:71: E251 unexpected spaces around keyword / parameter equals
Model/FeedForwardNetwork/NetworkLayers/tests/test_layers.py:93:51: F405 np may be undefined, or defined from star imports: Model.FeedForwardNetwork
Model/FeedForwardNetwork/NetworkLayers/tests/test_layers.py:95:51: F405 np may be undefined, or defined from star imports: Model.FeedForwardNetwork
Model/FeedForwardNetwork/NetworkLayers/tests/test_layers.py:100:27: F405 ActivationLayer may be undefined, or defined from star imports: Model.FeedForwardNetwork
Model/FeedForwardNetwork/NetworkLayers/tests/test_layers.py:100:43: F405 sigmoid may be undefined, or defined from star imports: Model.FeedForwardNetwork
Model/FeedForwardNetwork/NetworkLayers/tests/test_layers.py:100:52: F405 sigmoid_p may be undefined, or defined from star imports: Model.FeedForwardNetwork
Model/FeedForwardNetwork/NetworkLayers/tests/test_layers.py:102:45: F405 np may be undefined, or defined from star imports: Model.FeedForwardNetwork
Model/FeedForwardNetwork/NetworkLayers/tests/test_layers.py:104:45: F405 np may be undefined, or defined from star imports: Model.FeedForwardNetwork
Model/FeedForwardNetwork/NetworkLayers/tests/test_layers.py:108:50: F405 np may be undefined, or defined from star imports: Model.FeedForwardNetwork
Model/FeedForwardNetwork/NetworkLayers/tests/test_layers.py:110:50: F405 np may be undefined, or defined from star imports: Model.FeedForwardNetwork
Model/FeedForwardNetwork/NetworkLayers/tests/test_layers.py:115:26: F405 ConnectionActivationLayer may be undefined, or defined from star imports: Model.FeedForwardNetwork
Model/FeedForwardNetwork/NetworkLayers/tests/test_layers.py:115:52: F405 purelin may be undefined, or defined from star imports: Model.FeedForwardNetwork
Model/FeedForwardNetwork/NetworkLayers/tests/test_layers.py:115:61: F405 purelin_p may be undefined, or defined from star imports: Model.FeedForwardNetwork
Model/FeedForwardNetwork/NetworkLayers/tests/test_layers.py:117:46: F405 np may be undefined, or defined from star imports: Model.FeedForwardNetwork
Model/FeedForwardNetwork/NetworkLayers/tests/test_layers.py:119:46: F405 np may be undefined, or defined from star imports: Model.FeedForwardNetwork
Model/FeedForwardNetwork/NetworkLayers/tests/test_layers.py:122:1: W391 blank line at end of file
Model/FeedForwardNetwork/tests/test_network.py:2:1: F403 'from Model.FeedForwardNetApps import *' used; unable to detect undefined names
Model/FeedForwardNetwork/tests/test_network.py:3:1: F403 'from Model.FeedForwardNetwork import *' used; unable to detect undefined names
Model/FeedForwardNetwork/tests/test_network.py:4:1: F403 'from Model.FeedForwardNetwork.NetworkLayers import *' used; unable to detect undefined names
Model/FeedForwardNetwork/tests/test_network.py:10:18: F405 trans_fcns may be undefined, or defined from star imports: Model.FeedForwardNetApps, Model.FeedForwardNetwork, Model.FeedForwardNetwork.NetworkLayers
Model/FeedForwardNetwork/tests/test_network.py:11:47: F405 sigmoid may be undefined, or defined from star imports: Model.FeedForwardNetApps, Model.FeedForwardNetwork, Model.FeedForwardNetwork.NetworkLayers
Model/FeedForwardNetwork/tests/test_network.py:12:50: F405 sigmoid_p may be undefined, or defined from star imports: Model.FeedForwardNetApps, Model.FeedForwardNetwork, Model.FeedForwardNetwork.NetworkLayers
Model/FeedForwardNetwork/tests/test_network.py:16:19: F405 trans_fcns may be undefined, or defined from star imports: Model.FeedForwardNetApps, Model.FeedForwardNetwork, Model.FeedForwardNetwork.NetworkLayers
Model/FeedForwardNetwork/tests/test_network.py:17:48: F405 tanh may be undefined, or defined from star imports: Model.FeedForwardNetApps, Model.FeedForwardNetwork, Model.FeedForwardNetwork.NetworkLayers
Model/FeedForwardNetwork/tests/test_network.py:18:51: F405 tanh_p may be undefined, or defined from star imports: Model.FeedForwardNetApps, Model.FeedForwardNetwork, Model.FeedForwardNetwork.NetworkLayers
Model/FeedForwardNetwork/tests/test_network.py:22:22: F405 trans_fcns may be undefined, or defined from star imports: Model.FeedForwardNetApps, Model.FeedForwardNetwork, Model.FeedForwardNetwork.NetworkLayers
Model/FeedForwardNetwork/tests/test_network.py:23:51: F405 purelin may be undefined, or defined from star imports: Model.FeedForwardNetApps, Model.FeedForwardNetwork, Model.FeedForwardNetwork.NetworkLayers
Model/FeedForwardNetwork/tests/test_network.py:24:54: F405 purelin_p may be undefined, or defined from star imports: Model.FeedForwardNetApps, Model.FeedForwardNetwork, Model.FeedForwardNetwork.NetworkLayers
Model/FeedForwardNetwork/tests/test_network.py:30:19: F405 Network may be undefined, or defined from star imports: Model.FeedForwardNetApps, Model.FeedForwardNetwork, Model.FeedForwardNetwork.NetworkLayers
Model/FeedForwardNetwork/tests/test_network.py:33:71: F405 sigmoid may be undefined, or defined from star imports: Model.FeedForwardNetApps, Model.FeedForwardNetwork, Model.FeedForwardNetwork.NetworkLayers
Model/FeedForwardNetwork/tests/test_network.py:34:76: F405 sigmoid_p may be undefined, or defined from star imports: Model.FeedForwardNetApps, Model.FeedForwardNetwork, Model.FeedForwardNetwork.NetworkLayers
Model/FeedForwardNetwork/tests/test_network.py:35:56: F405 mse may be undefined, or defined from star imports: Model.FeedForwardNetApps, Model.FeedForwardNetwork, Model.FeedForwardNetwork.NetworkLayers
Model/FeedForwardNetwork/tests/test_network.py:38:19: F405 Network may be undefined, or defined from star imports: Model.FeedForwardNetApps, Model.FeedForwardNetwork, Model.FeedForwardNetwork.NetworkLayers
Model/FeedForwardNetwork/tests/test_network.py:39:71: F405 tanh may be undefined, or defined from star imports: Model.FeedForwardNetApps, Model.FeedForwardNetwork, Model.FeedForwardNetwork.NetworkLayers
Model/FeedForwardNetwork/tests/test_network.py:40:76: F405 tanh_p may be undefined, or defined from star imports: Model.FeedForwardNetApps, Model.FeedForwardNetwork, Model.FeedForwardNetwork.NetworkLayers
Model/FeedForwardNetwork/tests/test_network.py:41:71: F405 purelin may be undefined, or defined from star imports: Model.FeedForwardNetApps, Model.FeedForwardNetwork, Model.FeedForwardNetwork.NetworkLayers
Model/FeedForwardNetwork/tests/test_network.py:42:76: F405 purelin_p may be undefined, or defined from star imports: Model.FeedForwardNetApps, Model.FeedForwardNetwork, Model.FeedForwardNetwork.NetworkLayers
Model/FeedForwardNetwork/tests/test_network.py:44:9: F405 Network may be undefined, or defined from star imports: Model.FeedForwardNetApps, Model.FeedForwardNetwork, Model.FeedForwardNetwork.NetworkLayers
Model/FeedForwardNetwork/tests/test_network.py:44:76: F405 np may be undefined, or defined from star imports: Model.FeedForwardNetApps, Model.FeedForwardNetwork, Model.FeedForwardNetwork.NetworkLayers
Model/FeedForwardNetwork/tests/test_network.py:45:9: F405 Network may be undefined, or defined from star imports: Model.FeedForwardNetApps, Model.FeedForwardNetwork, Model.FeedForwardNetwork.NetworkLayers
Model/FeedForwardNetwork/tests/test_network.py:45:76: F405 np may be undefined, or defined from star imports: Model.FeedForwardNetApps, Model.FeedForwardNetwork, Model.FeedForwardNetwork.NetworkLayers
Model/FeedForwardNetwork/tests/test_network.py:46:9: F405 Network may be undefined, or defined from star imports: Model.FeedForwardNetApps, Model.FeedForwardNetwork, Model.FeedForwardNetwork.NetworkLayers
Model/FeedForwardNetwork/tests/test_network.py:47:9: F405 Network may be undefined, or defined from star imports: Model.FeedForwardNetApps, Model.FeedForwardNetwork, Model.FeedForwardNetwork.NetworkLayers
Model/FeedForwardNetwork/tests/test_network.py:50:22: F405 trans_fcns may be undefined, or defined from star imports: Model.FeedForwardNetApps, Model.FeedForwardNetwork, Model.FeedForwardNetwork.NetworkLayers
Model/FeedForwardNetwork/tests/test_network.py:51:18: F405 trans_fcns may be undefined, or defined from star imports: Model.FeedForwardNetApps, Model.FeedForwardNetwork, Model.FeedForwardNetwork.NetworkLayers
Model/FeedForwardNetwork/tests/test_network.py:53:13: F405 NetworkFunction may be undefined, or defined from star imports: Model.FeedForwardNetApps, Model.FeedForwardNetwork, Model.FeedForwardNetwork.NetworkLayers
Model/FeedForwardNetwork/tests/test_network.py:55:13: F405 NetworkFunction may be undefined, or defined from star imports: Model.FeedForwardNetApps, Model.FeedForwardNetwork, Model.FeedForwardNetwork.NetworkLayers
Model/FeedForwardNetwork/tests/test_network.py:57:13: F405 NetworkFunction may be undefined, or defined from star imports: Model.FeedForwardNetApps, Model.FeedForwardNetwork, Model.FeedForwardNetwork.NetworkLayers
Model/FeedForwardNetwork/tests/test_network.py:59:13: F405 NetworkFunction may be undefined, or defined from star imports: Model.FeedForwardNetApps, Model.FeedForwardNetwork, Model.FeedForwardNetwork.NetworkLayers
Model/FeedForwardNetwork/tests/test_network.py:63:13: F405 Network may be undefined, or defined from star imports: Model.FeedForwardNetApps, Model.FeedForwardNetwork, Model.FeedForwardNetwork.NetworkLayers
Model/FeedForwardNetwork/tests/test_network.py:65:13: F405 Network may be undefined, or defined from star imports: Model.FeedForwardNetApps, Model.FeedForwardNetwork, Model.FeedForwardNetwork.NetworkLayers
Model/FeedForwardNetwork/tests/test_network.py:67:13: F405 Network may be undefined, or defined from star imports: Model.FeedForwardNetApps, Model.FeedForwardNetwork, Model.FeedForwardNetwork.NetworkLayers
Model/FeedForwardNetwork/tests/test_network.py:69:13: F405 Network may be undefined, or defined from star imports: Model.FeedForwardNetApps, Model.FeedForwardNetwork, Model.FeedForwardNetwork.NetworkLayers
Model/FeedForwardNetwork/tests/test_network.py:71:13: F405 Network may be undefined, or defined from star imports: Model.FeedForwardNetApps, Model.FeedForwardNetwork, Model.FeedForwardNetwork.NetworkLayers
Model/FeedForwardNetwork/tests/test_network.py:73:13: F405 Network may be undefined, or defined from star imports: Model.FeedForwardNetApps, Model.FeedForwardNetwork, Model.FeedForwardNetwork.NetworkLayers
Model/FeedForwardNetwork/tests/test_network.py:75:13: F405 Network may be undefined, or defined from star imports: Model.FeedForwardNetApps, Model.FeedForwardNetwork, Model.FeedForwardNetwork.NetworkLayers
Model/FeedForwardNetwork/tests/test_network.py:77:13: F405 Network may be undefined, or defined from star imports: Model.FeedForwardNetApps, Model.FeedForwardNetwork, Model.FeedForwardNetwork.NetworkLayers
Model/FeedForwardNetwork/tests/test_network.py:81:19: F405 Network may be undefined, or defined from star imports: Model.FeedForwardNetApps, Model.FeedForwardNetwork, Model.FeedForwardNetwork.NetworkLayers
Model/FeedForwardNetwork/tests/test_network.py:83:13: F405 NeuralNetworkLearner may be undefined, or defined from star imports: Model.FeedForwardNetApps, Model.FeedForwardNetwork, Model.FeedForwardNetwork.NetworkLayers
Model/FeedForwardNetwork/tests/test_network.py:83:41: E251 unexpected spaces around keyword / parameter equals
Model/FeedForwardNetwork/tests/test_network.py:83:43: E251 unexpected spaces around keyword / parameter equals
Model/FeedForwardNetwork/tests/test_network.py:83:66: E251 unexpected spaces around keyword / parameter equals
Model/FeedForwardNetwork/tests/test_network.py:83:68: E251 unexpected spaces around keyword / parameter equals
Model/FeedForwardNetwork/tests/test_network.py:83:81: E251 unexpected spaces around keyword / parameter equals
Model/FeedForwardNetwork/tests/test_network.py:83:83: E251 unexpected spaces around keyword / parameter equals
Model/FeedForwardNetwork/tests/test_network.py:83:84: F405 utils may be undefined, or defined from star imports: Model.FeedForwardNetApps, Model.FeedForwardNetwork, Model.FeedForwardNetwork.NetworkLayers
Model/FeedForwardNetwork/tests/test_network.py:85:13: F405 NeuralNetworkLearner may be undefined, or defined from star imports: Model.FeedForwardNetApps, Model.FeedForwardNetwork, Model.FeedForwardNetwork.NetworkLayers
Model/FeedForwardNetwork/tests/test_network.py:85:41: E251 unexpected spaces around keyword / parameter equals
Model/FeedForwardNetwork/tests/test_network.py:85:43: E251 unexpected spaces around keyword / parameter equals
Model/FeedForwardNetwork/tests/test_network.py:85:66: E251 unexpected spaces around keyword / parameter equals
Model/FeedForwardNetwork/tests/test_network.py:85:68: E251 unexpected spaces around keyword / parameter equals
Model/FeedForwardNetwork/tests/test_network.py:85:81: E251 unexpected spaces around keyword / parameter equals
Model/FeedForwardNetwork/tests/test_network.py:85:83: E251 unexpected spaces around keyword / parameter equals
Model/FeedForwardNetwork/tests/test_network.py:85:84: F405 utils may be undefined, or defined from star imports: Model.FeedForwardNetApps, Model.FeedForwardNetwork, Model.FeedForwardNetwork.NetworkLayers
Model/FeedForwardNetwork/tests/test_network.py:87:13: F405 NeuralNetworkLearner may be undefined, or defined from star imports: Model.FeedForwardNetApps, Model.FeedForwardNetwork, Model.FeedForwardNetwork.NetworkLayers
Model/FeedForwardNetwork/tests/test_network.py:87:41: E251 unexpected spaces around keyword / parameter equals
Model/FeedForwardNetwork/tests/test_network.py:87:43: E251 unexpected spaces around keyword / parameter equals
Model/FeedForwardNetwork/tests/test_network.py:92:23: F405 Network may be undefined, or defined from star imports: Model.FeedForwardNetApps, Model.FeedForwardNetwork, Model.FeedForwardNetwork.NetworkLayers
Model/FeedForwardNetwork/tests/test_network.py:93:23: F405 NeuralNetworkLearner may be undefined, or defined from star imports: Model.FeedForwardNetApps, Model.FeedForwardNetwork, Model.FeedForwardNetwork.NetworkLayers
Model/FeedForwardNetwork/tests/test_network.py:96:23: F405 Network may be undefined, or defined from star imports: Model.FeedForwardNetApps, Model.FeedForwardNetwork, Model.FeedForwardNetwork.NetworkLayers
Model/FeedForwardNetwork/tests/test_network.py:97:23: F405 NeuralNetworkLearner may be undefined, or defined from star imports: Model.FeedForwardNetApps, Model.FeedForwardNetwork, Model.FeedForwardNetwork.NetworkLayers
Model/FeedForwardNetwork/tests/test_network.py:100:13: F405 NeuralNetworkLearner may be undefined, or defined from star imports: Model.FeedForwardNetApps, Model.FeedForwardNetwork, Model.FeedForwardNetwork.NetworkLayers
Model/FeedForwardNetwork/tests/test_propagation.py:3:1: F403 'from Model.FeedForwardNetApps import *' used; unable to detect undefined names
Model/FeedForwardNetwork/tests/test_propagation.py:4:1: F403 'from Model.FeedForwardNetwork import *' used; unable to detect undefined names
Model/FeedForwardNetwork/tests/test_propagation.py:5:1: F403 'from Model.FeedForwardNetwork.NetworkLayers import *' used; unable to detect undefined names
Model/FeedForwardNetwork/tests/test_propagation.py:33:1: E303 too many blank lines (3)
Model/FeedForwardNetwork/tests/test_propagation.py:38:58: E226 missing whitespace around arithmetic operator
Model/FeedForwardNetwork/tests/test_propagation.py:39:29: F405 np may be undefined, or defined from star imports: Model.FeedForwardNetApps, Model.FeedForwardNetwork, Model.FeedForwardNetwork.NetworkLayers
Model/FeedForwardNetwork/tests/test_propagation.py:39:38: F405 vect_with_bias may be undefined, or defined from star imports: Model.FeedForwardNetApps, Model.FeedForwardNetwork, Model.FeedForwardNetwork.NetworkLayers
Model/FeedForwardNetwork/tests/test_propagation.py:42:22: E222 multiple spaces after operator
Model/FeedForwardNetwork/tests/test_propagation.py:42:24: F405 np may be undefined, or defined from star imports: Model.FeedForwardNetApps, Model.FeedForwardNetwork, Model.FeedForwardNetwork.NetworkLayers
Model/FeedForwardNetwork/tests/test_propagation.py:51:1: E303 too many blank lines (5)
Model/FeedForwardNetwork/tests/test_propagation.py:55:9: F405 np may be undefined, or defined from star imports: Model.FeedForwardNetApps, Model.FeedForwardNetwork, Model.FeedForwardNetwork.NetworkLayers
Model/FeedForwardNetwork/tests/test_propagation.py:56:14: F405 FeedForwardNetworkUI may be undefined, or defined from star imports: Model.FeedForwardNetApps, Model.FeedForwardNetwork, Model.FeedForwardNetwork.NetworkLayers
Model/FeedForwardNetwork/tests/test_propagation.py:56:57: F405 utils may be undefined, or defined from star imports: Model.FeedForwardNetApps, Model.FeedForwardNetwork, Model.FeedForwardNetwork.NetworkLayers
Model/FeedForwardNetwork/tests/test_propagation.py:58:13: F405 np may be undefined, or defined from star imports: Model.FeedForwardNetApps, Model.FeedForwardNetwork, Model.FeedForwardNetwork.NetworkLayers
Model/FeedForwardNetwork/tests/test_propagation.py:62:13: F405 np may be undefined, or defined from star imports: Model.FeedForwardNetApps, Model.FeedForwardNetwork, Model.FeedForwardNetwork.NetworkLayers
Model/FeedForwardNetwork/tests/test_propagation.py:62:23: F405 np may be undefined, or defined from star imports: Model.FeedForwardNetApps, Model.FeedForwardNetwork, Model.FeedForwardNetwork.NetworkLayers
Model/FeedForwardNetwork/tests/test_propagation.py:69:18: F405 np may be undefined, or defined from star imports: Model.FeedForwardNetApps, Model.FeedForwardNetwork, Model.FeedForwardNetwork.NetworkLayers
Model/FeedForwardNetwork/tests/test_propagation.py:69:34: F405 np may be undefined, or defined from star imports: Model.FeedForwardNetApps, Model.FeedForwardNetwork, Model.FeedForwardNetwork.NetworkLayers
Model/FeedForwardNetwork/tests/test_propagation.py:81:37: F405 np may be undefined, or defined from star imports: Model.FeedForwardNetApps, Model.FeedForwardNetwork, Model.FeedForwardNetwork.NetworkLayers
Model/FeedForwardNetwork/tests/test_propagation.py:86:9: F405 np may be undefined, or defined from star imports: Model.FeedForwardNetApps, Model.FeedForwardNetwork, Model.FeedForwardNetwork.NetworkLayers
Model/FeedForwardNetwork/tests/test_propagation.py:87:15: F405 FeedForwardNetworkUI may be undefined, or defined from star imports: Model.FeedForwardNetApps, Model.FeedForwardNetwork, Model.FeedForwardNetwork.NetworkLayers
Model/FeedForwardNetwork/tests/test_propagation.py:88:15: F405 FeedForwardNetworkUI may be undefined, or defined from star imports: Model.FeedForwardNetApps, Model.FeedForwardNetwork, Model.FeedForwardNetwork.NetworkLayers
Model/FeedForwardNetwork/tests/test_propagation.py:89:19: F405 np may be undefined, or defined from star imports: Model.FeedForwardNetApps, Model.FeedForwardNetwork, Model.FeedForwardNetwork.NetworkLayers
Model/FeedForwardNetwork/tests/test_propagation.py:89:29: E231 missing whitespace after ','
Model/FeedForwardNetwork/tests/test_propagation.py:89:30: F405 np may be undefined, or defined from star imports: Model.FeedForwardNetApps, Model.FeedForwardNetwork, Model.FeedForwardNetwork.NetworkLayers
Model/FeedForwardNetwork/tests/test_propagation.py:94:33: F405 np may be undefined, or defined from star imports: Model.FeedForwardNetApps, Model.FeedForwardNetwork, Model.FeedForwardNetwork.NetworkLayers
Model/FeedForwardNetwork/tests/test_propagation.py:94:54: E226 missing whitespace around arithmetic operator
Model/FeedForwardNetwork/tests/test_propagation.py:94:77: W292 no newline at end of file
README.md:2:14: E999 SyntaxError: invalid syntax
TODO:1:6: E999 SyntaxError: invalid syntax
TODO:2:1: E112 expected an indented block
TODO:3:31: E211 whitespace before '('
TODO:4:31: E211 whitespace before '('
TODO:5:29: E211 whitespace before '('
TODO:10:1: E112 expected an indented block
TODO:11:12: E226 missing whitespace around arithmetic operator
TODO:11:28: E211 whitespace before '('
TODO:12:39: E226 missing whitespace around arithmetic operator
TODO:12:75: E211 whitespace before '('
TODO:14:3: E111 indentation is not a multiple of four
TODO:14:3: E113 unexpected indentation
TODO:17:23: E211 whitespace before '('
TODO:17:34: E226 missing whitespace around arithmetic operator
TODO:17:58: E226 missing whitespace around arithmetic operator
TODO:17:80: E226 missing whitespace around arithmetic operator
TODO:18:3: E111 indentation is not a multiple of four
TODO:18:3: E113 unexpected indentation
TODO:18:25: E225 missing whitespace around operator
TODO:19:3: E111 indentation is not a multiple of four
TODO:21:3: E111 indentation is not a multiple of four
TODO:21:3: E113 unexpected indentation
TODO:22:3: E111 indentation is not a multiple of four
TODO:23:3: E111 indentation is not a multiple of four
TODO:24:3: E111 indentation is not a multiple of four
TODO:25:1: W293 blank line contains whitespace
TODO:30:1: E112 expected an indented block
TODO:31:1: E112 expected an indented block
TODO:31:5: E225 missing whitespace around operator
TODO:32:6: E222 multiple spaces after operator
TODO:35:1: E112 expected an indented block
TODO:35:25: E701 multiple statements on one line (colon)
TODO:35:89: E701 multiple statements on one line (colon)
TODO:38:1: E112 expected an indented block
TODO:42:1: E112 expected an indented block
TODO:42:26: E211 whitespace before '('
TODO:45:17: E226 missing whitespace around arithmetic operator
TODO:45:23: E226 missing whitespace around arithmetic operator
